  Tutorial07.cpp
c:\program files (x86)\microsoft directx sdk (june 2010)\include\dxgitype.h(12): warning C4005: 'DXGI_STATUS_OCCLUDED': redefinición de macro
  c:\program files (x86)\windows kits\10\include\10.0.17763.0\shared\winerror.h(55460): note: vea la definición anterior de 'DXGI_STATUS_OCCLUDED'
c:\program files (x86)\microsoft directx sdk (june 2010)\include\dxgitype.h(13): warning C4005: 'DXGI_STATUS_CLIPPED': redefinición de macro
  c:\program files (x86)\windows kits\10\include\10.0.17763.0\shared\winerror.h(55469): note: vea la definición anterior de 'DXGI_STATUS_CLIPPED'
c:\program files (x86)\microsoft directx sdk (june 2010)\include\dxgitype.h(14): warning C4005: 'DXGI_STATUS_NO_REDIRECTION': redefinición de macro
  c:\program files (x86)\windows kits\10\include\10.0.17763.0\shared\winerror.h(55478): note: vea la definición anterior de 'DXGI_STATUS_NO_REDIRECTION'
c:\program files (x86)\microsoft directx sdk (june 2010)\include\dxgitype.h(15): warning C4005: 'DXGI_STATUS_NO_DESKTOP_ACCESS': redefinición de macro
  c:\program files (x86)\windows kits\10\include\10.0.17763.0\shared\winerror.h(55487): note: vea la definición anterior de 'DXGI_STATUS_NO_DESKTOP_ACCESS'
c:\program files (x86)\microsoft directx sdk (june 2010)\include\dxgitype.h(16): warning C4005: 'DXGI_STATUS_GRAPHICS_VIDPN_SOURCE_IN_USE': redefinición de macro
  c:\program files (x86)\windows kits\10\include\10.0.17763.0\shared\winerror.h(55496): note: vea la definición anterior de 'DXGI_STATUS_GRAPHICS_VIDPN_SOURCE_IN_USE'
c:\program files (x86)\microsoft directx sdk (june 2010)\include\dxgitype.h(17): warning C4005: 'DXGI_STATUS_MODE_CHANGED': redefinición de macro
  c:\program files (x86)\windows kits\10\include\10.0.17763.0\shared\winerror.h(55505): note: vea la definición anterior de 'DXGI_STATUS_MODE_CHANGED'
c:\program files (x86)\microsoft directx sdk (june 2010)\include\dxgitype.h(18): warning C4005: 'DXGI_STATUS_MODE_CHANGE_IN_PROGRESS': redefinición de macro
  c:\program files (x86)\windows kits\10\include\10.0.17763.0\shared\winerror.h(55514): note: vea la definición anterior de 'DXGI_STATUS_MODE_CHANGE_IN_PROGRESS'
c:\program files (x86)\microsoft directx sdk (june 2010)\include\dxgitype.h(21): warning C4005: 'DXGI_ERROR_INVALID_CALL': redefinición de macro
  c:\program files (x86)\windows kits\10\include\10.0.17763.0\shared\winerror.h(55529): note: vea la definición anterior de 'DXGI_ERROR_INVALID_CALL'
c:\program files (x86)\microsoft directx sdk (june 2010)\include\dxgitype.h(22): warning C4005: 'DXGI_ERROR_NOT_FOUND': redefinición de macro
  c:\program files (x86)\windows kits\10\include\10.0.17763.0\shared\winerror.h(55538): note: vea la definición anterior de 'DXGI_ERROR_NOT_FOUND'
c:\program files (x86)\microsoft directx sdk (june 2010)\include\dxgitype.h(23): warning C4005: 'DXGI_ERROR_MORE_DATA': redefinición de macro
  c:\program files (x86)\windows kits\10\include\10.0.17763.0\shared\winerror.h(55547): note: vea la definición anterior de 'DXGI_ERROR_MORE_DATA'
c:\program files (x86)\microsoft directx sdk (june 2010)\include\dxgitype.h(24): warning C4005: 'DXGI_ERROR_UNSUPPORTED': redefinición de macro
  c:\program files (x86)\windows kits\10\include\10.0.17763.0\shared\winerror.h(55556): note: vea la definición anterior de 'DXGI_ERROR_UNSUPPORTED'
c:\program files (x86)\microsoft directx sdk (june 2010)\include\dxgitype.h(25): warning C4005: 'DXGI_ERROR_DEVICE_REMOVED': redefinición de macro
  c:\program files (x86)\windows kits\10\include\10.0.17763.0\shared\winerror.h(55565): note: vea la definición anterior de 'DXGI_ERROR_DEVICE_REMOVED'
c:\program files (x86)\microsoft directx sdk (june 2010)\include\dxgitype.h(26): warning C4005: 'DXGI_ERROR_DEVICE_HUNG': redefinición de macro
  c:\program files (x86)\windows kits\10\include\10.0.17763.0\shared\winerror.h(55574): note: vea la definición anterior de 'DXGI_ERROR_DEVICE_HUNG'
c:\program files (x86)\microsoft directx sdk (june 2010)\include\dxgitype.h(27): warning C4005: 'DXGI_ERROR_DEVICE_RESET': redefinición de macro
  c:\program files (x86)\windows kits\10\include\10.0.17763.0\shared\winerror.h(55584): note: vea la definición anterior de 'DXGI_ERROR_DEVICE_RESET'
c:\program files (x86)\microsoft directx sdk (june 2010)\include\dxgitype.h(28): warning C4005: 'DXGI_ERROR_WAS_STILL_DRAWING': redefinición de macro
  c:\program files (x86)\windows kits\10\include\10.0.17763.0\shared\winerror.h(55593): note: vea la definición anterior de 'DXGI_ERROR_WAS_STILL_DRAWING'
c:\program files (x86)\microsoft directx sdk (june 2010)\include\dxgitype.h(29): warning C4005: 'DXGI_ERROR_FRAME_STATISTICS_DISJOINT': redefinición de macro
  c:\program files (x86)\windows kits\10\include\10.0.17763.0\shared\winerror.h(55603): note: vea la definición anterior de 'DXGI_ERROR_FRAME_STATISTICS_DISJOINT'
c:\program files (x86)\microsoft directx sdk (june 2010)\include\dxgitype.h(30): warning C4005: 'DXGI_ERROR_GRAPHICS_VIDPN_SOURCE_IN_USE': redefinición de macro
  c:\program files (x86)\windows kits\10\include\10.0.17763.0\shared\winerror.h(55612): note: vea la definición anterior de 'DXGI_ERROR_GRAPHICS_VIDPN_SOURCE_IN_USE'
c:\program files (x86)\microsoft directx sdk (june 2010)\include\dxgitype.h(31): warning C4005: 'DXGI_ERROR_DRIVER_INTERNAL_ERROR': redefinición de macro
  c:\program files (x86)\windows kits\10\include\10.0.17763.0\shared\winerror.h(55622): note: vea la definición anterior de 'DXGI_ERROR_DRIVER_INTERNAL_ERROR'
c:\program files (x86)\microsoft directx sdk (june 2010)\include\dxgitype.h(32): warning C4005: 'DXGI_ERROR_NONEXCLUSIVE': redefinición de macro
  c:\program files (x86)\windows kits\10\include\10.0.17763.0\shared\winerror.h(55631): note: vea la definición anterior de 'DXGI_ERROR_NONEXCLUSIVE'
c:\program files (x86)\microsoft directx sdk (june 2010)\include\dxgitype.h(33): warning C4005: 'DXGI_ERROR_NOT_CURRENTLY_AVAILABLE': redefinición de macro
  c:\program files (x86)\windows kits\10\include\10.0.17763.0\shared\winerror.h(55640): note: vea la definición anterior de 'DXGI_ERROR_NOT_CURRENTLY_AVAILABLE'
c:\program files (x86)\microsoft directx sdk (june 2010)\include\dxgitype.h(34): warning C4005: 'DXGI_ERROR_REMOTE_CLIENT_DISCONNECTED': redefinición de macro
  c:\program files (x86)\windows kits\10\include\10.0.17763.0\shared\winerror.h(55650): note: vea la definición anterior de 'DXGI_ERROR_REMOTE_CLIENT_DISCONNECTED'
c:\program files (x86)\microsoft directx sdk (june 2010)\include\dxgitype.h(35): warning C4005: 'DXGI_ERROR_REMOTE_OUTOFMEMORY': redefinición de macro
  c:\program files (x86)\windows kits\10\include\10.0.17763.0\shared\winerror.h(55659): note: vea la definición anterior de 'DXGI_ERROR_REMOTE_OUTOFMEMORY'
c:\program files (x86)\microsoft directx sdk (june 2010)\include\d3d11.h(917): warning C4005: 'D3D11_ERROR_TOO_MANY_UNIQUE_STATE_OBJECTS': redefinición de macro
  c:\program files (x86)\windows kits\10\include\10.0.17763.0\shared\winerror.h(55923): note: vea la definición anterior de 'D3D11_ERROR_TOO_MANY_UNIQUE_STATE_OBJECTS'
c:\program files (x86)\microsoft directx sdk (june 2010)\include\d3d11.h(918): warning C4005: 'D3D11_ERROR_FILE_NOT_FOUND': redefinición de macro
  c:\program files (x86)\windows kits\10\include\10.0.17763.0\shared\winerror.h(55932): note: vea la definición anterior de 'D3D11_ERROR_FILE_NOT_FOUND'
c:\program files (x86)\microsoft directx sdk (june 2010)\include\d3d11.h(919): warning C4005: 'D3D11_ERROR_TOO_MANY_UNIQUE_VIEW_OBJECTS': redefinición de macro
  c:\program files (x86)\windows kits\10\include\10.0.17763.0\shared\winerror.h(55942): note: vea la definición anterior de 'D3D11_ERROR_TOO_MANY_UNIQUE_VIEW_OBJECTS'
c:\program files (x86)\microsoft directx sdk (june 2010)\include\d3d11.h(920): warning C4005: 'D3D11_ERROR_DEFERRED_CONTEXT_MAP_WITHOUT_INITIAL_DISCARD': redefinición de macro
  c:\program files (x86)\windows kits\10\include\10.0.17763.0\shared\winerror.h(55951): note: vea la definición anterior de 'D3D11_ERROR_DEFERRED_CONTEXT_MAP_WITHOUT_INITIAL_DISCARD'
c:\program files (x86)\microsoft directx sdk (june 2010)\include\d3d10.h(608): warning C4005: 'D3D10_ERROR_TOO_MANY_UNIQUE_STATE_OBJECTS': redefinición de macro
  c:\program files (x86)\windows kits\10\include\10.0.17763.0\shared\winerror.h(55899): note: vea la definición anterior de 'D3D10_ERROR_TOO_MANY_UNIQUE_STATE_OBJECTS'
c:\program files (x86)\microsoft directx sdk (june 2010)\include\d3d10.h(609): warning C4005: 'D3D10_ERROR_FILE_NOT_FOUND': redefinición de macro
  c:\program files (x86)\windows kits\10\include\10.0.17763.0\shared\winerror.h(55908): note: vea la definición anterior de 'D3D10_ERROR_FILE_NOT_FOUND'
c:\program files (x86)\microsoft directx sdk (june 2010)\include\xnamath.h(2662): warning C4838: la conversión de 'unsigned int' en 'INT' requiere una conversión de restricción
c:\program files (x86)\microsoft directx sdk (june 2010)\include\xnamath.h(2663): warning C4838: la conversión de 'unsigned int' en 'INT' requiere una conversión de restricción
c:\program files (x86)\microsoft directx sdk (june 2010)\include\xnamath.h(2664): warning C4838: la conversión de 'unsigned int' en 'INT' requiere una conversión de restricción
c:\program files (x86)\microsoft directx sdk (june 2010)\include\xnamath.h(2665): warning C4838: la conversión de 'unsigned int' en 'INT' requiere una conversión de restricción
c:\program files (x86)\microsoft directx sdk (june 2010)\include\xnamath.h(2666): warning C4838: la conversión de 'unsigned int' en 'INT' requiere una conversión de restricción
c:\program files (x86)\microsoft directx sdk (june 2010)\include\xnamath.h(2667): warning C4838: la conversión de 'unsigned int' en 'INT' requiere una conversión de restricción
c:\program files (x86)\microsoft directx sdk (june 2010)\include\xnamath.h(2668): warning C4838: la conversión de 'unsigned int' en 'INT' requiere una conversión de restricción
c:\program files (x86)\microsoft directx sdk (june 2010)\include\xnamath.h(2689): warning C4838: la conversión de 'unsigned int' en 'INT' requiere una conversión de restricción
c:\program files (x86)\microsoft directx sdk (june 2010)\include\xnamath.h(2690): warning C4838: la conversión de 'unsigned int' en 'INT' requiere una conversión de restricción
c:\program files (x86)\microsoft directx sdk (june 2010)\include\xnamath.h(2691): warning C4838: la conversión de 'unsigned int' en 'INT' requiere una conversión de restricción
c:\program files (x86)\microsoft directx sdk (june 2010)\include\xnamath.h(2694): warning C4838: la conversión de 'unsigned int' en 'INT' requiere una conversión de restricción
c:\program files (x86)\microsoft directx sdk (june 2010)\include\xnamath.h(2695): warning C4838: la conversión de 'unsigned int' en 'INT' requiere una conversión de restricción
c:\program files (x86)\microsoft directx sdk (june 2010)\include\xnamath.h(2698): warning C4838: la conversión de 'unsigned int' en 'INT' requiere una conversión de restricción
c:\program files (x86)\microsoft directx sdk (june 2010)\include\xnamath.h(2702): warning C4838: la conversión de 'unsigned int' en 'INT' requiere una conversión de restricción
c:\program files (x86)\microsoft directx sdk (june 2010)\include\xnamath.h(2712): warning C4838: la conversión de 'unsigned int' en 'INT' requiere una conversión de restricción
c:\program files (x86)\microsoft directx sdk (june 2010)\include\xnamath.h(2713): warning C4838: la conversión de 'unsigned int' en 'INT' requiere una conversión de restricción
c:\program files (x86)\microsoft directx sdk (june 2010)\include\xnamath.h(2715): warning C4838: la conversión de 'unsigned int' en 'INT' requiere una conversión de restricción
c:\program files (x86)\microsoft directx sdk (june 2010)\include\xnamath.h(2716): warning C4838: la conversión de 'unsigned int' en 'INT' requiere una conversión de restricción
c:\program files (x86)\microsoft directx sdk (june 2010)\include\xnamath.h(2717): warning C4838: la conversión de 'unsigned int' en 'INT' requiere una conversión de restricción
c:\program files (x86)\microsoft directx sdk (june 2010)\include\xnamath.h(2727): warning C4838: la conversión de 'unsigned int' en 'INT' requiere una conversión de restricción
c:\program files (x86)\microsoft directx sdk (june 2010)\include\xnamath.h(2728): warning C4838: la conversión de 'unsigned int' en 'INT' requiere una conversión de restricción
c:\program files (x86)\microsoft directx sdk (june 2010)\include\xnamath.h(2729): warning C4838: la conversión de 'unsigned int' en 'INT' requiere una conversión de restricción
c:\program files (x86)\microsoft directx sdk (june 2010)\include\xnamath.h(2730): warning C4838: la conversión de 'unsigned int' en 'INT' requiere una conversión de restricción
c:\program files (x86)\microsoft directx sdk (june 2010)\include\xnamath.h(2731): warning C4838: la conversión de 'unsigned int' en 'INT' requiere una conversión de restricción
c:\program files (x86)\microsoft directx sdk (june 2010)\include\xnamath.h(2732): warning C4838: la conversión de 'unsigned int' en 'INT' requiere una conversión de restricción
c:\program files (x86)\microsoft directx sdk (june 2010)\include\xnamath.h(2742): warning C4838: la conversión de 'unsigned int' en 'INT' requiere una conversión de restricción
c:\program files (x86)\microsoft directx sdk (june 2010)\include\xnamath.h(2743): warning C4838: la conversión de 'unsigned int' en 'INT' requiere una conversión de restricción
c:\program files (x86)\microsoft directx sdk (june 2010)\include\xnamath.h(2754): warning C4838: la conversión de 'unsigned int' en 'INT' requiere una conversión de restricción
c:\program files (x86)\microsoft directx sdk (june 2010)\include\xnamathconvert.inl(2254): warning C4838: la conversión de 'unsigned int' en 'INT' requiere una conversión de restricción
c:\program files (x86)\microsoft directx sdk (june 2010)\include\xnamathconvert.inl(4523): warning C4838: la conversión de 'unsigned int' en 'INT' requiere una conversión de restricción
c:\program files (x86)\microsoft directx sdk (june 2010)\include\xnamathconvert.inl(4577): warning C4838: la conversión de 'unsigned int' en 'INT' requiere una conversión de restricción
c:\program files (x86)\microsoft directx sdk (june 2010)\include\xnamathconvert.inl(4639): warning C4838: la conversión de 'unsigned int' en 'INT' requiere una conversión de restricción
c:\program files (x86)\microsoft directx sdk (june 2010)\include\xnamathconvert.inl(4707): warning C4838: la conversión de 'unsigned int' en 'INT' requiere una conversión de restricción
c:\program files (x86)\microsoft directx sdk (june 2010)\include\xnamathconvert.inl(4770): warning C4838: la conversión de 'unsigned int' en 'INT' requiere una conversión de restricción
c:\program files (x86)\microsoft directx sdk (june 2010)\include\xnamathconvert.inl(4832): warning C4838: la conversión de 'unsigned int' en 'INT' requiere una conversión de restricción
c:\program files (x86)\microsoft directx sdk (june 2010)\include\xnamathvector.inl(1269): warning C4838: la conversión de 'unsigned int' en 'INT' requiere una conversión de restricción
c:\program files (x86)\microsoft directx sdk (june 2010)\include\xnamathmisc.inl(518): warning C4838: la conversión de 'unsigned int' en 'INT' requiere una conversión de restricción
c:\program files (x86)\microsoft directx sdk (june 2010)\include\xnamathmisc.inl(519): warning C4838: la conversión de 'unsigned int' en 'INT' requiere una conversión de restricción
e:\dev\v4\tutorial07\tutorial07.cpp(296): warning C4238: se ha utilizado una extensión no estándar: valor-R de clase utilizado como valor L
e:\dev\v4\tutorial07\tutorial07.cpp(345): warning C4238: se ha utilizado una extensión no estándar: valor-R de clase utilizado como valor L
e:\dev\v4\tutorial07\tutorial07.cpp(363): warning C4238: se ha utilizado una extensión no estándar: valor-R de clase utilizado como valor L
e:\dev\v4\tutorial07\tutorial07.cpp(369): warning C4238: se ha utilizado una extensión no estándar: valor-R de clase utilizado como valor L
e:\dev\v4\tutorial07\tutorial07.cpp(393): warning C4238: se ha utilizado una extensión no estándar: valor-R de clase utilizado como valor L
e:\dev\v4\tutorial07\tutorial07.cpp(484): warning C4238: se ha utilizado una extensión no estándar: valor-R de clase utilizado como valor L
e:\dev\v4\tutorial07\tutorial07.cpp(524): warning C4238: se ha utilizado una extensión no estándar: valor-R de clase utilizado como valor L
e:\dev\v4\tutorial07\tutorial07.cpp(540): warning C4238: se ha utilizado una extensión no estándar: valor-R de clase utilizado como valor L
e:\dev\v4\tutorial07\tutorial07.cpp(545): warning C4238: se ha utilizado una extensión no estándar: valor-R de clase utilizado como valor L
e:\dev\v4\tutorial07\tutorial07.cpp(551): warning C4238: se ha utilizado una extensión no estándar: valor-R de clase utilizado como valor L
e:\dev\v4\tutorial07\tutorial07.cpp(556): warning C4238: se ha utilizado una extensión no estándar: valor-R de clase utilizado como valor L
e:\dev\v4\tutorial07\tutorial07.cpp(565): warning C4238: se ha utilizado una extensión no estándar: valor-R de clase utilizado como valor L
e:\dev\v4\tutorial07\tutorial07.cpp(570): warning C4238: se ha utilizado una extensión no estándar: valor-R de clase utilizado como valor L
e:\dev\v4\tutorial07\tutorial07.cpp(595): warning C4238: se ha utilizado una extensión no estándar: valor-R de clase utilizado como valor L
e:\dev\v4\tutorial07\tutorial07.cpp(604): warning C4244: '=': conversión de 'LONG' a 'float'; posible pérdida de datos
e:\dev\v4\tutorial07\tutorial07.cpp(605): warning C4244: '=': conversión de 'LONG' a 'float'; posible pérdida de datos
e:\dev\v4\tutorial07\tutorial07.cpp(611): warning C4244: '=': conversión de 'LONG' a 'float'; posible pérdida de datos
e:\dev\v4\tutorial07\tutorial07.cpp(612): warning C4244: '=': conversión de 'LONG' a 'float'; posible pérdida de datos
e:\dev\v4\tutorial07\tutorial07.cpp(687): warning C4459: la declaración de 'DescUI' oculta la declaración global
  e:\dev\v4\tutorial07\tutorial07.cpp(118): note: vea la declaración de 'DescUI'
e:\dev\v4\tutorial07\tutorial07.cpp(823): warning C4238: se ha utilizado una extensión no estándar: valor-R de clase utilizado como valor L
e:\dev\v4\tutorial07\tutorial07.cpp(837): warning C4238: se ha utilizado una extensión no estándar: valor-R de clase utilizado como valor L
e:\dev\v4\tutorial07\tutorial07.cpp(882): warning C4238: se ha utilizado una extensión no estándar: valor-R de clase utilizado como valor L
e:\dev\v4\tutorial07\tutorial07.cpp(896): warning C4238: se ha utilizado una extensión no estándar: valor-R de clase utilizado como valor L
e:\dev\v4\tutorial07\tutorial07.cpp(1228): warning C4018: '<': no coinciden signed/unsigned
  Tutorial07_2010.vcxproj -> E:\Dev\v4\Tutorial07\\bin\x86\D_DIRECTX\Tutorial07.exe
